<?xml version="1.0" encoding="UTF-8" ?>
<testsuite tests="4" failures="0" name="com.brmayi.yuna.controller.IndexControllerTest" time="0.347" errors="0" skipped="0">
  <properties>
[...]
</properties>
  <testcase classname="com.brmayi.yuna.controller.IndexControllerTest" name="showError" time="0.2"/>
  <testcase classname="com.brmayi.yuna.controller.IndexControllerTest" name="showUndeclaredThrowableException" time="0.005"/>
  <testcase classname="com.brmayi.yuna.controller.IndexControllerTest" name="showArithmeticException" time="0.007"/>
  <testcase classname="com.brmayi.yuna.controller.IndexControllerTest" name="showNullPointerException" time="0.002"/>
</testsuite>