<?xml version="1.0" encoding="UTF-8" ?>
<testsuite tests="3" failures="0" name="com.brmayi.yuna.controller.JacksonControllerTest" time="0.207" errors="0" skipped="0">
  <properties>
[...]
</properties>
  <testcase classname="com.brmayi.yuna.controller.JacksonControllerTest" name="writeStringAsString" time="0.146"/>
  <testcase classname="com.brmayi.yuna.controller.JacksonControllerTest" name="readPojoValue" time="0.047"/>
  <testcase classname="com.brmayi.yuna.controller.JacksonControllerTest" name="writePojoAsString" time="0.014"/>
</testsuite>